<?xml version="1.0" encoding="UTF-8"?>
<testng-results ignored="0" total="2" passed="2" failed="0" skipped="0">
  <reporter-output>
  </reporter-output>
  <suite started-at="2021-02-28T11:58:01 PST" name="Suite" finished-at="2021-02-28T11:58:10 PST" duration-ms="8834">
    <groups>
    </groups>
    <test started-at="2021-02-28T11:58:01 PST" name="Test" finished-at="2021-02-28T11:58:10 PST" duration-ms="8834">
      <class name="acquickacademic.PositiveTesting">
        <test-method is-config="true" signature="positivelogin()[pri:0, instance:acquickacademic.PositiveTesting@36b4fe2a]" started-at="2021-02-28T11:58:01 PST" name="positivelogin" finished-at="2021-02-28T11:58:05 PST" duration-ms="4065" status="PASS">
          <reporter-output>
          </reporter-output>
        </test-method> <!-- positivelogin -->
        <test-method signature="login()[pri:0, instance:acquickacademic.PositiveTesting@36b4fe2a]" started-at="2021-02-28T11:58:09 PST" name="login" finished-at="2021-02-28T11:58:10 PST" duration-ms="573" status="PASS">
          <reporter-output>
          </reporter-output>
        </test-method> <!-- login -->
        <test-method is-config="true" signature="aftertest()[pri:0, instance:acquickacademic.PositiveTesting@36b4fe2a]" started-at="2021-02-28T11:58:10 PST" name="aftertest" finished-at="2021-02-28T11:58:10 PST" duration-ms="119" status="PASS">
          <reporter-output>
          </reporter-output>
        </test-method> <!-- aftertest -->
      </class> <!-- acquickacademic.PositiveTesting -->
      <class name="acquickacademic.NegativeTesting">
        <test-method is-config="true" signature="startup()[pri:0, instance:acquickacademic.NegativeTesting@574b560f]" started-at="2021-02-28T11:58:05 PST" name="startup" finished-at="2021-02-28T11:58:09 PST" duration-ms="3436" status="PASS">
          <reporter-output>
          </reporter-output>
        </test-method> <!-- startup -->
        <test-method signature="negativelogin()[pri:0, instance:acquickacademic.NegativeTesting@574b560f]" started-at="2021-02-28T11:58:09 PST" name="negativelogin" finished-at="2021-02-28T11:58:09 PST" duration-ms="492" status="PASS">
          <reporter-output>
          </reporter-output>
        </test-method> <!-- negativelogin -->
        <test-method is-config="true" signature="aftertest()[pri:0, instance:acquickacademic.NegativeTesting@574b560f]" started-at="2021-02-28T11:58:09 PST" name="aftertest" finished-at="2021-02-28T11:58:09 PST" duration-ms="123" status="PASS">
          <reporter-output>
          </reporter-output>
        </test-method> <!-- aftertest -->
      </class> <!-- acquickacademic.NegativeTesting -->
    </test> <!-- Test -->
  </suite> <!-- Suite -->
</testng-results>
