<?xml version="1.0" encoding="UTF-8"?>
<testng-results total="2" passed="2" failed="0" skipped="0">
  <reporter-output>
  </reporter-output>
  <suite started-at="2021-03-07T17:09:39Z" name="Suite" finished-at="2021-03-07T17:09:48Z" duration-ms="9148">
    <groups>
    </groups>
    <test started-at="2021-03-07T17:09:39Z" name="Test" finished-at="2021-03-07T17:09:48Z" duration-ms="9148">
      <class name="acquickacademic.PositiveTesting">
        <test-method is-config="true" signature="positivelogin()[pri:0, instance:acquickacademic.PositiveTesting@74fe5c40]" started-at="2021-03-07T09:09:39Z" name="positivelogin" finished-at="2021-03-07T09:09:43Z" duration-ms="4405" status="PASS">
          <reporter-output>
          </reporter-output>
        </test-method> <!-- positivelogin -->
        <test-method signature="login()[pri:0, instance:acquickacademic.PositiveTesting@74fe5c40]" started-at="2021-03-07T09:09:47Z" name="login" finished-at="2021-03-07T09:09:48Z" duration-ms="677" status="PASS">
          <reporter-output>
          </reporter-output>
        </test-method> <!-- login -->
        <test-method is-config="true" signature="aftertest()[pri:0, instance:acquickacademic.PositiveTesting@74fe5c40]" started-at="2021-03-07T09:09:48Z" name="aftertest" finished-at="2021-03-07T09:09:48Z" duration-ms="129" status="PASS">
          <reporter-output>
          </reporter-output>
        </test-method> <!-- aftertest -->
      </class> <!-- acquickacademic.PositiveTesting -->
      <class name="acquickacademic.NegativeTesting">
        <test-method is-config="true" signature="startup()[pri:0, instance:acquickacademic.NegativeTesting@3febb011]" started-at="2021-03-07T09:09:43Z" name="startup" finished-at="2021-03-07T09:09:46Z" duration-ms="3213" status="PASS">
          <reporter-output>
          </reporter-output>
        </test-method> <!-- startup -->
        <test-method signature="negativelogin()[pri:0, instance:acquickacademic.NegativeTesting@3febb011]" started-at="2021-03-07T09:09:46Z" name="negativelogin" finished-at="2021-03-07T09:09:47Z" duration-ms="600" status="PASS">
          <reporter-output>
          </reporter-output>
        </test-method> <!-- negativelogin -->
        <test-method is-config="true" signature="aftertest()[pri:0, instance:acquickacademic.NegativeTesting@3febb011]" started-at="2021-03-07T09:09:47Z" name="aftertest" finished-at="2021-03-07T09:09:47Z" duration-ms="111" status="PASS">
          <reporter-output>
          </reporter-output>
        </test-method> <!-- aftertest -->
      </class> <!-- acquickacademic.NegativeTesting -->
    </test> <!-- Test -->
  </suite> <!-- Suite -->
</testng-results>
